[    0.000000] Initializing cgroup subsys cpuset
[    0.000000] Initializing cgroup subsys cpu
[    0.000000] Initializing cgroup subsys cpuacct
[    0.000000] Linux version 4.4.0-210-generic (buildd@lgw01-amd64-009) (gcc version 5.4.0 20160609 (Ubuntu 5.4.0-6ubuntu1~16.04.12) ) #242-Ubuntu SMP Fri Apr 16 09:57:56 UTC 2021 (Ubuntu 4.4.0-210.242-generic 4.4.262)
[    0.000000] Command line: BOOT_IMAGE=/boot/vmlinuz-4.4.0-210-generic root=LABEL=cloudimg-rootfs ro console=tty1 console=ttyS0
[    0.000000] KERNEL supported cpus:
[    0.000000]   Intel GenuineIntel
[    0.000000]   AMD AuthenticAMD
[    0.000000]   Centaur CentaurHauls
[    0.000000] x86/fpu: Legacy x87 FPU detected.
[    0.000000] e820: BIOS-provided physical RAM map:
[    0.000000] BIOS-e820: [mem 0x0000000000000000-0x000000000009fbff] usable
[    0.000000] BIOS-e820: [mem 0x000000000009fc00-0x000000000009ffff] reserved
[    0.000000] BIOS-e820: [mem 0x00000000000f0000-0x00000000000fffff] reserved
[    0.000000] BIOS-e820: [mem 0x0000000000100000-0x000000003ffeffff] usable
[    0.000000] BIOS-e820: [mem 0x000000003fff0000-0x000000003fffffff] ACPI data
[    0.000000] BIOS-e820: [mem 0x00000000fec00000-0x00000000fec00fff] reserved
[    0.000000] BIOS-e820: [mem 0x00000000fee00000-0x00000000fee00fff] reserved
[    0.000000] BIOS-e820: [mem 0x00000000fffc0000-0x00000000ffffffff] reserved
[    0.000000] NX (Execute Disable) protection: active
[    0.000000] SMBIOS 2.5 present.
[    0.000000] Hypervisor detected: KVM
[    0.000000] Kernel/User page tables isolation: disabled
[    0.000000] e820: last_pfn = 0x3fff0 max_arch_pfn = 0x400000000
[    0.000000] MTRR: Disabled
[    0.000000] x86/PAT: MTRRs disabled, skipping PAT initialization too.
[    0.000000] CPU MTRRs all blank - virtualized system.
[    0.000000] x86/PAT: Configuration [0-7]: WB  WT  UC- UC  WB  WT  UC- UC  
[    0.000000] found SMP MP-table at [mem 0x0009fff0-0x0009ffff] mapped at [ffff88000009fff0]
[    0.000000] Scanning 1 areas for low memory corruption
[    0.000000] RAMDISK: [mem 0x362dc000-0x37165fff]
[    0.000000] ACPI: Early table checksum verification disabled
[    0.000000] ACPI: RSDP 0x00000000000E0000 000024 (v02 VBOX  )
[    0.000000] ACPI: XSDT 0x000000003FFF0030 00003C (v01 VBOX   VBOXXSDT 00000001 ASL  00000061)
[    0.000000] ACPI: FACP 0x000000003FFF00F0 0000F4 (v04 VBOX   VBOXFACP 00000001 ASL  00000061)
[    0.000000] ACPI: DSDT 0x000000003FFF0610 002353 (v02 VBOX   VBOXBIOS 00000002 INTL 20100528)
[    0.000000] ACPI: FACS 0x000000003FFF0200 000040
[    0.000000] ACPI: FACS 0x000000003FFF0200 000040
[    0.000000] ACPI: APIC 0x000000003FFF0240 00005C (v02 VBOX   VBOXAPIC 00000001 ASL  00000061)
[    0.000000] ACPI: SSDT 0x000000003FFF02A0 00036C (v01 VBOX   VBOXCPUT 00000002 INTL 20100528)
[    0.000000] No NUMA configuration found
[    0.000000] Faking a node at [mem 0x0000000000000000-0x000000003ffeffff]
[    0.000000] NODE_DATA(0) allocated [mem 0x3ffeb000-0x3ffeffff]
[    0.000000] kvm-clock: Using msrs 4b564d01 and 4b564d00
[    0.000000] kvm-clock: cpu 0, msr 0:3ffe3001, primary cpu clock
[    0.000000] kvm-clock: using sched offset of 3387459196 cycles
[    0.000000] clocksource: kvm-clock: mask: 0xffffffffffffffff max_cycles: 0x1cd42e4dffb, max_idle_ns: 881590591483 ns
[    0.000000] Zone ranges:
[    0.000000]   DMA      [mem 0x0000000000001000-0x0000000000ffffff]
[    0.000000]   DMA32    [mem 0x0000000001000000-0x000000003ffeffff]
[    0.000000]   Normal   empty
[    0.000000]   Device   empty
[    0.000000] Movable zone start for each node
[    0.000000] Early memory node ranges
[    0.000000]   node   0: [mem 0x0000000000001000-0x000000000009efff]
[    0.000000]   node   0: [mem 0x0000000000100000-0x000000003ffeffff]
[    0.000000] Initmem setup node 0 [mem 0x0000000000001000-0x000000003ffeffff]
[    0.000000] ACPI: PM-Timer IO Port: 0x4008
[    0.000000] IOAPIC[0]: apic_id 2, version 32, address 0xfec00000, GSI 0-23
[    0.000000] ACPI: INT_SRC_OVR (bus 0 bus_irq 0 global_irq 2 dfl dfl)
[    0.000000] ACPI: INT_SRC_OVR (bus 0 bus_irq 9 global_irq 9 low level)
[    0.000000] Using ACPI (MADT) for SMP configuration information
[    0.000000] smpboot: Allowing 2 CPUs, 0 hotplug CPUs
[    0.000000] PM: Registered nosave memory: [mem 0x00000000-0x00000fff]
[    0.000000] PM: Registered nosave memory: [mem 0x0009f000-0x0009ffff]
[    0.000000] PM: Registered nosave memory: [mem 0x000a0000-0x000effff]
[    0.000000] PM: Registered nosave memory: [mem 0x000f0000-0x000fffff]
[    0.000000] e820: [mem 0x40000000-0xfebfffff] available for PCI devices
[    0.000000] Booting paravirtualized kernel on KVM
[    0.000000] clocksource: refined-jiffies: mask: 0xffffffff max_cycles: 0xffffffff, max_idle_ns: 7645519600211568 ns
[    0.000000] setup_percpu: NR_CPUS:512 nr_cpumask_bits:512 nr_cpu_ids:2 nr_node_ids:1
[    0.000000] PERCPU: Embedded 33 pages/cpu @ffff88003fc00000 s95192 r8192 d31784 u1048576
[    0.000000] Built 1 zonelists in Node order, mobility grouping on.  Total pages: 257912
[    0.000000] Policy zone: DMA32
[    0.000000] Kernel command line: BOOT_IMAGE=/boot/vmlinuz-4.4.0-210-generic root=LABEL=cloudimg-rootfs ro console=tty1 console=ttyS0
[    0.000000] PID hash table entries: 4096 (order: 3, 32768 bytes)
[    0.000000] Memory: 997792K/1048120K available (8644K kernel code, 1332K rwdata, 4044K rodata, 1492K init, 1164K bss, 50328K reserved, 0K cma-reserved)
[    0.000000] SLUB: HWalign=64, Order=0-3, MinObjects=0, CPUs=2, Nodes=1
[    0.000000] Hierarchical RCU implementation.
[    0.000000] 	Build-time adjustment of leaf fanout to 64.
[    0.000000] 	RCU restricting CPUs from NR_CPUS=512 to nr_cpu_ids=2.
[    0.000000] RCU: Adjusting geometry for rcu_fanout_leaf=64, nr_cpu_ids=2
[    0.000000] NR_IRQS:33024 nr_irqs:440 16
[    0.000000] Console: colour VGA+ 80x25
[    0.000000] console [tty1] enabled
[    0.000000] console [ttyS0] enabled
[    0.000000] tsc: Detected 3417.600 MHz processor
[    0.693228] Calibrating delay loop (skipped) preset value.. 6835.20 BogoMIPS (lpj=13670400)
[    0.703866] pid_max: default: 32768 minimum: 301
[    0.708906] ACPI: Core revision 20150930
[    0.714163] ACPI: 2 ACPI AML tables successfully acquired and loaded
[    0.723308] Security Framework initialized
[    0.728955] Yama: becoming mindful.
[    0.733440] AppArmor: AppArmor initialized
[    0.740262] Dentry cache hash table entries: 131072 (order: 8, 1048576 bytes)
[    0.757973] Inode-cache hash table entries: 65536 (order: 7, 524288 bytes)
[    0.770664] Mount-cache hash table entries: 2048 (order: 2, 16384 bytes)
[    0.783648] Mountpoint-cache hash table entries: 2048 (order: 2, 16384 bytes)
[    0.799156] Initializing cgroup subsys io
[    0.807116] Initializing cgroup subsys memory
[    0.815121] Initializing cgroup subsys devices
[    0.822390] Initializing cgroup subsys freezer
[    0.830927] Initializing cgroup subsys net_cls
[    0.835817] Initializing cgroup subsys perf_event
[    0.842915] Initializing cgroup subsys net_prio
[    0.847656] Initializing cgroup subsys hugetlb
[    0.849331] Initializing cgroup subsys pids
[    0.859260] mce: CPU supports 0 MCE banks
[    0.864868] Last level iTLB entries: 4KB 0, 2MB 0, 4MB 0
[    0.871422] Last level dTLB entries: 4KB 0, 2MB 0, 4MB 0, 1GB 0
[    0.879175] Spectre V1 : Mitigation: usercopy/swapgs barriers and __user pointer sanitization
[    0.892886] Spectre V2 : Mitigation: Enhanced IBRS
[    0.899072] Spectre V2 : Spectre v2 / SpectreRSB mitigation: Filling RSB on context switch
[    0.910150] Speculative Store Bypass: Vulnerable
[    0.966946] Freeing SMP alternatives memory: 36K
[    1.085042] ftrace: allocating 32380 entries in 127 pages
[    1.830583] smpboot: APIC(0) Converting physical 0 to logical package 0
[    1.842256] smpboot: Max logical packages: 1
[    1.856167] ..TIMER: vector=0x30 apic1=0 pin1=2 apic2=-1 pin2=-1
[    1.968541] smpboot: CPU0: 13th Gen Intel(R) Core(TM) i7-13700K (family: 0x6, model: 0xb7, stepping: 0x1)
[    1.979454] Performance Events: unsupported p6 CPU model 183 no PMU driver, software events only.
[    2.114229] KVM setup paravirtual spinlock
[    2.122401] x86: Booting SMP configuration:
[    2.124884] .... node  #0, CPUs:      #1
[    2.129624] kvm-clock: cpu 1, msr 0:3ffe3041, secondary cpu clock
[    2.139092] mce: CPU supports 0 MCE banks
[    2.143420] TSC synchronization [CPU#0 -> CPU#1]:
[    2.148272] Measured 42343 cycles TSC warp between CPUs, turning off TSC clock.
[    2.155558] tsc: Marking TSC unstable due to check_tsc_sync_source failed
[    2.170595] x86: Booted up 1 node, 2 CPUs
[    2.174787] smpboot: Total of 2 processors activated (13670.40 BogoMIPS)
[    0.602355] devtmpfs: initialized
[    0.605425] evm: security.selinux
[    0.608005] evm: security.SMACK64
[    0.612002] evm: security.SMACK64EXEC
[    0.616003] evm: security.SMACK64TRANSMUTE
[    0.620000] evm: security.SMACK64MMAP
[    0.620001] evm: security.ima
[    0.624005] evm: security.capability
[    0.633028] clocksource: jiffies: mask: 0xffffffff max_cycles: 0xffffffff, max_idle_ns: 7645041785100000 ns
[    0.636015] futex hash table entries: 512 (order: 3, 32768 bytes)
[    0.644143] pinctrl core: initialized pinctrl subsystem
[    0.648419] RTC time: 13:55:39, date: 03/23/23
[    0.656498] NET: Registered protocol family 16
[    0.672016] cpuidle: using governor ladder
[    0.684005] cpuidle: using governor menu
[    0.685979] PCCT header not found.
[    0.688377] ACPI: bus type PCI registered
[    0.692005] acpiphp: ACPI Hot Plug PCI Controller Driver version: 0.5
[    0.697332] PCI: Using configuration type 1 for base access
[    0.720611] ACPI: Added _OSI(Module Device)
[    0.724004] ACPI: Added _OSI(Processor Device)
[    0.728006] ACPI: Added _OSI(3.0 _SCP Extensions)
[    0.732002] ACPI: Added _OSI(Processor Aggregator Device)
[    0.737228] ACPI: Executed 1 blocks of module-level executable AML code
[    0.751505] ACPI: Interpreter enabled
[    0.752009] ACPI: (supports S0 S5)
[    0.756004] ACPI: Using IOAPIC for interrupt routing
[    0.764483] PCI: Using host bridge windows from ACPI; if necessary, use "pci=nocrs" and report a bug
[    0.781664] ACPI: PCI Root Bridge [PCI0] (domain 0000 [bus 00-ff])
[    0.784006] acpi PNP0A03:00: _OSC: OS supports [ASPM ClockPM Segments MSI]
[    0.788649] acpi PNP0A03:00: _OSC: not requesting OS control; OS requires [ExtendedConfig ASPM ClockPM MSI]
[    0.792010] acpi PNP0A03:00: fail to add MMCONFIG information, can't access extended PCI configuration space under this bridge.
[    0.796775] PCI host bridge to bus 0000:00
[    0.800007] pci_bus 0000:00: root bus resource [io  0x0000-0x0cf7 window]
[    0.804003] pci_bus 0000:00: root bus resource [io  0x0d00-0xffff window]
[    0.808003] pci_bus 0000:00: root bus resource [mem 0x000a0000-0x000bffff window]
[    0.812006] pci_bus 0000:00: root bus resource [mem 0x40000000-0xfdffffff window]
[    0.816003] pci_bus 0000:00: root bus resource [bus 00-ff]
[    0.823196] pci 0000:00:01.1: legacy IDE quirk: reg 0x10: [io  0x01f0-0x01f7]
[    0.824002] pci 0000:00:01.1: legacy IDE quirk: reg 0x14: [io  0x03f6]
[    0.828002] pci 0000:00:01.1: legacy IDE quirk: reg 0x18: [io  0x0170-0x0177]
[    0.832004] pci 0000:00:01.1: legacy IDE quirk: reg 0x1c: [io  0x0376]
[    0.870626] pci 0000:00:07.0: quirk: [io  0x4000-0x403f] claimed by PIIX4 ACPI
[    0.872048] pci 0000:00:07.0: quirk: [io  0x4100-0x410f] claimed by PIIX4 SMB
[    0.893419] ACPI: PCI Interrupt Link [LNKA] (IRQs 5 9 10 *11)
[    0.901459] ACPI: PCI Interrupt Link [LNKB] (IRQs 5 9 *10 11)
[    0.912226] ACPI: PCI Interrupt Link [LNKC] (IRQs 5 *9 10 11)
[    0.922801] ACPI: PCI Interrupt Link [LNKD] (IRQs 5 9 10 *11)
[    0.930907] ACPI: Enabled 2 GPEs in block 00 to 07
[    0.936437] vgaarb: setting as boot device: PCI:0000:00:02.0
[    0.940000] vgaarb: device added: PCI:0000:00:02.0,decodes=io+mem,owns=io+mem,locks=none
[    0.940006] vgaarb: loaded
[    0.944003] vgaarb: bridge control possible 0000:00:02.0
[    0.952239] SCSI subsystem initialized
[    0.956313] ACPI: bus type USB registered
[    0.960020] usbcore: registered new interface driver usbfs
[    0.964040] usbcore: registered new interface driver hub
[    0.968044] usbcore: registered new device driver usb
[    0.976533] PCI: Using ACPI for IRQ routing
[    0.980957] NetLabel: Initializing
[    0.984003] NetLabel:  domain hash size = 128
[    0.988003] NetLabel:  protocols = UNLABELED CIPSOv4
[    0.992017] NetLabel:  unlabeled traffic allowed by default
[    0.996585] amd_nb: Cannot enumerate AMD northbridges
[    1.000417] clocksource: Switched to clocksource kvm-clock
[    1.010176] AppArmor: AppArmor Filesystem Enabled
[    1.010176] pnp: PnP ACPI init
[    1.010176] pnp: PnP ACPI: found 3 devices
[    1.109343] clocksource: acpi_pm: mask: 0xffffff max_cycles: 0xffffff, max_idle_ns: 2085701024 ns
[    1.113185] NET: Registered protocol family 2
[    1.125531] TCP established hash table entries: 8192 (order: 4, 65536 bytes)
[    1.133192] TCP bind hash table entries: 8192 (order: 5, 131072 bytes)
[    1.136853] TCP: Hash tables configured (established 8192 bind 8192)
[    1.136853] UDP hash table entries: 512 (order: 2, 16384 bytes)
[    1.136853] UDP-Lite hash table entries: 512 (order: 2, 16384 bytes)
[    1.136853] NET: Registered protocol family 1
[    1.136853] pci 0000:00:00.0: Limiting direct PCI/PCI transfers
[    1.136853] pci 0000:00:01.0: Activating ISA DMA hang workarounds
[    1.136853] Unpacking initramfs...
[    1.136853] Freeing initrd memory: 14888K
[    1.136853] clocksource: tsc: mask: 0xffffffffffffffff max_cycles: 0x3143404a908, max_idle_ns: 440795209397 ns
[    1.136853] platform rtc_cmos: registered platform RTC device (no PNP device found)
[    1.136853] Scanning for low memory corruption every 60 seconds
[    1.599216] audit: initializing netlink subsys (disabled)
[    1.605832] audit: type=2000 audit(1679579744.095:1): initialized
[    1.614153] Initialise system trusted keyring
[    1.623661] HugeTLB registered 2 MB page size, pre-allocated 0 pages
[    1.632345] zbud: loaded
[    1.637092] VFS: Disk quotas dquot_6.6.0
[    1.641934] VFS: Dquot-cache hash table entries: 512 (order 0, 4096 bytes)
[    1.650110] squashfs: version 4.0 (2009/01/31) Phillip Lougher
[    1.658235] fuse init (API version 7.23)
[    1.663261] Key type big_key registered
[    1.667627] Allocating IMA MOK and blacklist keyrings.
[    1.697838] Key type asymmetric registered
[    1.702156] Asymmetric key parser 'x509' registered
[    1.707982] Block layer SCSI generic (bsg) driver version 0.4 loaded (major 249)
[    1.717836] io scheduler noop registered
[    1.722265] io scheduler deadline registered (default)
[    1.728770] io scheduler cfq registered
[    1.733421] pci_hotplug: PCI Hot Plug PCI Core version: 0.5
[    1.741001] pciehp: PCI Express Hot Plug Controller Driver version: 0.4
[    1.749024] ACPI: AC Adapter [AC] (on-line)
[    1.754146] input: Power Button as /devices/LNXSYSTM:00/LNXPWRBN:00/input/input0
[    1.762782] ACPI: Power Button [PWRF]
[    1.768003] input: Sleep Button as /devices/LNXSYSTM:00/LNXSLPBN:00/input/input1
[    1.776165] ACPI: Sleep Button [SLPF]
[    1.781121] GHES: HEST is not enabled!
[    1.787379] Serial: 8250/16550 driver, 32 ports, IRQ sharing enabled
[    1.821845] 00:02: ttyS0 at I/O 0x3f8 (irq = 4, base_baud = 115200) is a 16550A
[    1.850784] Linux agpgart interface v0.103
[    1.873972] loop: module loaded
[    1.881817] scsi host0: ata_piix
[    1.888132] scsi host1: ata_piix
[    1.891766] ata1: PATA max UDMA/33 cmd 0x1f0 ctl 0x3f6 bmdma 0xd000 irq 14
[    1.899434] ata2: PATA max UDMA/33 cmd 0x170 ctl 0x376 bmdma 0xd008 irq 15
[    1.907147] libphy: Fixed MDIO Bus: probed
[    1.912335] tun: Universal TUN/TAP device driver, 1.6
[    1.917672] tun: (C) 1999-2004 Max Krasnyansky <maxk@qualcomm.com>
[    1.924775] PPP generic driver version 2.4.2
[    1.929984] ehci_hcd: USB 2.0 'Enhanced' Host Controller (EHCI) Driver
[    1.936664] ehci-pci: EHCI PCI platform driver
[    1.941845] ehci-platform: EHCI generic platform driver
[    1.947229] ohci_hcd: USB 1.1 'Open' Host Controller (OHCI) Driver
[    1.953747] ohci-pci: OHCI PCI platform driver
[    1.958714] ohci-platform: OHCI generic platform driver
[    1.965237] uhci_hcd: USB Universal Host Controller Interface driver
[    1.971907] i8042: PNP: PS/2 Controller [PNP0303:PS2K,PNP0f03:PS2M] at 0x60,0x64 irq 1,12
[    1.986029] serio: i8042 KBD port at 0x60,0x64 irq 1
[    1.991956] serio: i8042 AUX port at 0x60,0x64 irq 12
[    1.998226] mousedev: PS/2 mouse device common for all mice
[    2.010851] input: AT Translated Set 2 keyboard as /devices/platform/i8042/serio0/input/input2
[    2.020544] rtc_cmos rtc_cmos: rtc core: registered rtc_cmos as rtc0
[    2.028156] rtc_cmos rtc_cmos: alarms up to one day, 114 bytes nvram
[    2.031082] i2c /dev entries driver
[    2.031082] device-mapper: uevent: version 1.0.3
[    2.044380] device-mapper: ioctl: 4.34.0-ioctl (2015-10-28) initialised: dm-devel@redhat.com
[    2.053050] ledtrig-cpu: registered to indicate activity on CPUs
[    2.096638] NET: Registered protocol family 10
[    2.101641] NET: Registered protocol family 17
[    2.106455] Key type dns_resolver registered
[    2.129646] registered taskstats version 1
[    2.133941] Loading compiled-in X.509 certificates
[    2.139505] Loaded X.509 cert 'Build time autogenerated kernel key: cf00e047681d67edb2720680708b7d9498083038'
[    2.149401] zswap: loaded using pool lzo/zbud
[    2.159231] Key type trusted registered
[    2.173519] Key type encrypted registered
[    2.177765] AppArmor: AppArmor sha1 policy hashing enabled
[    2.186354] ima: No TPM chip found, activating TPM-bypass!
[    2.192061] ima: Allocated hash algorithm: sha1
[    2.196006] evm: HMAC attrs: 0x1
[    2.201798]   Magic number: 15:977:938
[    2.209710] rtc_cmos rtc_cmos: setting system clock to 2023-03-23 13:55:41 UTC (1679579741)
[    2.219658] BIOS EDD facility v0.16 2004-Jun-25, 0 devices found
[    2.226220] EDD information not available.
[    2.233761] Freeing unused kernel memory: 1492K
[    2.248489] Write protecting the kernel read-only data: 14336k
[    2.251169] Freeing unused kernel memory: 1584K
[    2.252985] Freeing unused kernel memory: 52K
Loading, please wait...
starting version 229
[    2.281604] random: systemd-udevd: uninitialized urandom read (16 bytes read, 9 bits of entropy available)
[    2.282287] random: udevadm: uninitialized urandom read (16 bytes read, 9 bits of entropy available)
[    2.282301] random: udevadm: uninitialized urandom read (16 bytes read, 9 bits of entropy available)
[    2.293354] random: udevadm: uninitialized urandom read (16 bytes read, 9 bits of entropy available)
[    2.293384] random: udevadm: uninitialized urandom read (16 bytes read, 9 bits of entropy available)
[    2.293521] random: udevadm: uninitialized urandom read (16 bytes read, 9 bits of entropy available)
[    2.293587] random: udevadm: uninitialized urandom read (16 bytes read, 9 bits of entropy available)
[    2.293673] random: udevadm: uninitialized urandom read (16 bytes read, 9 bits of entropy available)
[    2.293709] random: udevadm: uninitialized urandom read (16 bytes read, 9 bits of entropy available)
[    2.293740] random: udevadm: uninitialized urandom read (16 bytes read, 9 bits of entropy available)
[    2.413103] e1000: Intel(R) PRO/1000 Network Driver - version 7.3.21-k8-NAPI
[    2.416049] e1000: Copyright (c) 1999-2006 Intel Corporation.
[    2.453249] Fusion MPT base driver 3.04.20
[    2.461505] Copyright (c) 1999-2008 LSI Corporation
[    2.514348] SSE version of gcm_enc/dec engaged.
[    2.529088] Fusion MPT SPI Host driver 3.04.20
[    2.827396] input: ImExPS/2 Generic Explorer Mouse as /devices/platform/i8042/serio1/input/input4
[    3.529399] e1000 0000:00:03.0 eth0: (PCI:33MHz:32-bit) 02:be:82:6b:cc:1d
[    3.536801] e1000 0000:00:03.0 eth0: Intel(R) PRO/1000 Network Connection
[    4.531402] e1000 0000:00:08.0 eth1: (PCI:33MHz:32-bit) 08:00:27:30:4c:7a
[    4.539700] e1000 0000:00:08.0 eth1: Intel(R) PRO/1000 Network Connection
[    4.551341] e1000 0000:00:03.0 enp0s3: renamed from eth0
[    4.557817] mptbase: ioc0: Initiating bringup
[    4.572797] e1000 0000:00:08.0 enp0s8: renamed from eth1
[    4.648952] ioc0: LSI53C1030 A0: Capabilities={Initiator}
[    4.854266] scsi host2: ioc0: LSI53C1030 A0, FwRev=00000000h, Ports=1, MaxQ=256, IRQ=20
[    4.974911] scsi 2:0:0:0: Direct-Access     VBOX     HARDDISK         1.0  PQ: 0 ANSI: 5
[    4.981812] scsi target2:0:0: Beginning Domain Validation
[    5.011812] scsi target2:0:0: Domain Validation skipping write tests
[    5.025118] scsi target2:0:0: Ending Domain Validation
[    5.032614] scsi target2:0:0: asynchronous
[    5.042502] scsi 2:0:1:0: Direct-Access     VBOX     HARDDISK         1.0  PQ: 0 ANSI: 5
[    5.051604] scsi target2:0:1: Beginning Domain Validation
[    5.063717] scsi target2:0:1: Domain Validation skipping write tests
[    5.070764] scsi target2:0:1: Ending Domain Validation
[    5.077515] scsi target2:0:1: asynchronous
[    5.114467] sd 2:0:0:0: [sda] 83886080 512-byte logical blocks: (42.9 GB/40.0 GiB)
[    5.124481] sd 2:0:0:0: Attached scsi generic sg0 type 0
[    5.127750] sd 2:0:1:0: [sdb] 20480 512-byte logical blocks: (10.5 MB/10.0 MiB)
[    5.143056] sd 2:0:0:0: [sda] Write Protect is off
[    5.152288] sd 2:0:1:0: Attached scsi generic sg1 type 0
[    5.152594] sd 2:0:0:0: [sda] Incomplete mode parameter data
[    5.152594] sd 2:0:0:0: [sda] Assuming drive cache: write through
[    5.157949] sd 2:0:1:0: [sdb] Write Protect is off
[    5.158555] sd 2:0:1:0: [sdb] Incomplete mode parameter data
[    5.158556] sd 2:0:1:0: [sdb] Assuming drive cache: write through
[    5.159340]  sda: sda1
[    5.161385] sd 2:0:0:0: [sda] Attached SCSI disk
[    5.165426] sd 2:0:1:0: [sdb] Attached SCSI disk
Begin: Loading essential drivers ... [    6.880807] md: linear personality registered for level -1
[    6.899355] md: multipath personality registered for level -4
[    6.910707] md: raid0 personality registered for level 0
[    6.957877] md: raid1 personality registered for level 1
[    7.880258] raid6: sse2x1   gen() 200530 MB/s
[    8.881960] raid6: sse2x1   xor() 148282 MB/s
[   10.880702] raid6: sse2x2   gen() 283611 MB/s
[   11.949037] raid6: sse2x2   xor() 12219 MB/s
[   12.021169] raid6: sse2x4   gen() 20068 MB/s
[   12.093845] raid6: sse2x4   xor() 10070 MB/s
[   12.095712] raid6: using algorithm sse2x2 gen() 283611 MB/s
[   12.098777] raid6: .... xor() 12219 MB/s, rmw enabled
[   12.104994] raid6: using ssse3x2 recovery algorithm
[   12.119223] xor: measuring software checksum speed
[   12.164889]    prefetch64-sse: 18749.000 MB/sec
[   12.208286]    generic_sse: 18653.000 MB/sec
[   12.212903] xor: using function: prefetch64-sse (18749.000 MB/sec)
[   12.231267] async_tx: api initialized (async)
[   12.293934] md: raid6 personality registered for level 6
[   12.304688] md: raid5 personality registered for level 5
[   12.311072] md: raid4 personality registered for level 4
[   12.349167] md: raid10 personality registered for level 10
done.
Begin: Running /scripts/init-premount ... done.
Begin: Mounting root file system ... Begin: Running /scripts/local-top ... done.
Begin: Running /scripts/local-premount ... [   12.476873] Btrfs loaded
Scanning for Btrfs filesystems
done.
Warning: fsck not present, so skipping root file system
[   12.532355] EXT4-fs (sda1): mounted filesystem with ordered data mode. Opts: (null)
done.
Begin: Running /scripts/local-bottom ... done.
Begin: Running /scripts/init-bottom ... done.
[   12.695866] systemd[1]: systemd 229 running in system mode. (+PAM +AUDIT +SELINUX +IMA +APPARMOR +SMACK +SYSVINIT +UTMP +LIBCRYPTSETUP +GCRYPT +GNUTLS +ACL +XZ -LZ4 +SECCOMP +BLKID +ELFUTILS +KMOD -IDN)
[   12.720497] systemd[1]: Detected virtualization oracle.
[   12.728662] systemd[1]: Detected architecture x86-64.

Welcome to [1mUbuntu 16.04.7 LTS[0m!

[   12.746948] systemd[1]: Set hostname to <ubuntu>.
[   12.751935] systemd[1]: Initializing machine ID from random generator.
[   12.754495] systemd[1]: Installed transient /etc/machine-id file.
[   12.885332] systemd[1]: Reached target System Time Synchronized.
[[0;32m  OK  [0m] Reached target System Time Synchronized.
[   12.890293] systemd[1]: Listening on fsck to fsckd communication Socket.
[[0;32m  OK  [0m] Listening on fsck to fsckd communication Socket.
[   12.895419] systemd[1]: Created slice System Slice.
[[0;32m  OK  [0m] Created slice System Slice.
[   12.907654] systemd[1]: Started Trigger resolvconf update for networkd DNS.
[[0;32m  OK  [0m] Started Trigger resolvconf update for networkd DNS.
[   12.930956] systemd[1]: Created slice User and Session Slice.
[[0;32m  OK  [0m] Created slice User and Session Slice.
[   12.946598] systemd[1]: Created slice system-serial\x2dgetty.slice.
[[0;32m  OK  [0m] Created slice system-serial\x2dgetty.slice.
[   12.962640] systemd[1]: Listening on Journal Socket.
[[0;32m  OK  [0m] Listening on Journal Socket.
[   12.988527] systemd[1]: Starting Uncomplicated firewall...
         Starting Uncomplicated firewall...
[   12.995382] systemd[1]: Starting Create list of required static device nodes for the current kernel...
         Starting Create list of required st... nodes for the current kernel...
[   13.004865] systemd[1]: Listening on udev Kernel Socket.
[[0;32m  OK  [0m] Listening on udev Kernel Socket.
[   13.009423] systemd[1]: Mounting Huge Pages File System...
         Mounting Huge Pages File System...
[   13.013786] systemd[1]: Reached target Swap.
[[0;32m  OK  [0m] Reached target Swap.
[   13.017639] systemd[1]: Started Forward Password Requests to Wall Directory Watch.
[[0;32m  OK  [0m] Started Forward Password Requests to Wall Directory Watch.
[   13.023534] systemd[1]: Listening on LVM2 poll daemon socket.
[[0;32m  OK  [0m] Listening on LVM2 poll daemon socket.
[   13.039843] systemd[1]: Reached target Slices.
[[0;32m  OK  [0m] Reached target Slices.
[   13.049556] systemd[1]: Listening on Journal Socket (/dev/log).
[[0;32m  OK  [0m] Listening on Journal Socket (/dev/log).
[   13.056310] systemd[1]: Reached target User and Group Name Lookups.
[[0;32m  OK  [0m] Reached target User and Group Name Lookups.
[   13.067576] systemd[1]: Listening on LVM2 metadata daemon socket.
[[0;32m  OK  [0m] Listening on LVM2 metadata daemon socket.
[   13.092404] systemd[1]: Starting Nameserver information manager...
         Starting Nameserver information manager...
[   13.097774] systemd[1]: Listening on /dev/initctl Compatibility Named Pipe.
[[0;32m  OK  [0m] Listening on /dev/initctl Compatibility Named Pipe.
[   13.117104] systemd[1]: Listening on Device-mapper event daemon FIFOs.
[[0;32m  OK  [0m] Listening on Device-mapper event daemon FIFOs.
[   13.131366] systemd[1]: Starting File System Check on Root Device...
[   13.140596] random: nonblocking pool is initialized
         Starting File System Check on Root Device...
[   13.157233] systemd[1]: Starting Set console keymap...
         Starting Set console keymap...
[   13.171461] systemd[1]: Mounting Debug File System...
         Mounting Debug File System...
[   13.181280] systemd[1]: Reached target Encrypted Volumes.
[[0;32m  OK  [0m] Reached target Encrypted Volumes.
[   13.186032] systemd[1]: Starting Monitoring of LVM2 mirrors, snapshots etc. using dmeventd or progress polling...
         Starting Monitoring of LVM2 mirrors... dmeventd or progress polling...
[   13.207410] systemd[1]: Set up automount Arbitrary Executable File Formats File System Automount Point.
[[0;32m  OK  [0m] Set up automount Arbitrary Executab...ats File System Automount Point.
[   13.244912] systemd[1]: Starting Load Kernel Modules...
         Starting Load Kernel Modules...
[   13.253719] systemd[1]: Listening on udev Control Socket.
[[0;32m  OK  [0m] Listening on udev Control Socket.
[   13.265695] systemd[1]: Listening on Syslog Socket.
[[0;32m  OK  [0m] Listening on Syslog Socket.
[   13.279476] systemd[1]: Mounting POSIX Message Queue File System...
[   13.289433] Loading iSCSI transport class v2.0-870.
         Mounting POSIX Message Queue File System...
[   13.301139] systemd[1]: Listening on Journal Audit Socket.
[[0;32m  OK  [0m] Listening on Journal Audit Socket.
[   13.307074] systemd[1]: Starting Journal Service...
         Starting Journal Service...
[   13.319070] iscsi: registered transport (tcp)
[   13.326153] systemd[1]: Mounted Huge Pages File System.
[[0;32m  OK  [0m] Mounted Huge Pages File System.
[   13.346394] systemd[1]: Mounted POSIX Message Queue File System.
[[0;32m  OK  [0m] Mounted POSIX Message Queue File System.
[   13.362867] systemd[1]: Mounted Debug File System.
[[0;32m  OK  [0m] Mounted Debug File System.
[   13.371737] systemd[1]: Started Journal Service.
[[0;32m  OK  [0m] Started Journal Service.
[[0;32m  OK  [0m] Started Uncomplicated firewall.
[[0;32m  OK  [0m] Started Create list of required sta...ce nodes for the current kernel.
[[0;32m  OK  [0m] Started File System Check on Root Device.
[[0;32m  OK  [0m] Started Set console keymap.
[[0;32m  OK  [0m] Started Nameserver information manager.[   13.431550] iscsi: registered transport (iser)

[[0;32m  OK  [0m] Started Load Kernel Modules.
[[0;32m  OK  [0m] Started File System Check Daemon to report status.
[[0;32m  OK  [0m] Started LVM2 metadata daemon.
         Mounting FUSE Control File System...
         Starting Apply Kernel Variables...
         Starting Remount Root and Kernel File Systems...
         Starting Create Static Device Nodes in /dev...
[   13.494172] EXT4-fs (sda1): re-mounted. Opts: (null)
[[0;32m  OK  [0m] Mounted FUSE Control File System.
[[0;32m  OK  [0m] Started Remount Root and Kernel File Systems.
         Starting Flush Journal to Persistent Storage...
         Starting Load/Save Random Seed...
         Starting udev Coldplug all Devices...
[[0;32m  OK  [0m] Started Create Static Device Nodes in /dev.
         Starting udev Kernel Device Manager...
[[0;32m  OK  [0m] Started Apply Kernel Variables.
[[0;32m  OK  [0m] Started Load/Save Random Seed.
[[0;32m  OK  [0m] Started udev Kernel Device Manager.
[[0;32m  OK  [0m] Started Flush Journal to Persistent Storage.
[[0;32m  OK  [0m] Started udev Coldplug all Devices.
[[0;32m  OK  [0m] Started Dispatch Password Requests to Console Directory Watch.
[[0;32m  OK  [0m] Found device /dev/ttyS0.
[[0;32m  OK  [0m] Listening on Load/Save RF Kill Switch Status /dev/rfkill Watch.
[[0;32m  OK  [0m] Started Monitoring of LVM2 mirrors,...ng dmeventd or progress polling.
[[0;32m  OK  [0m] Reached target Local File Systems (Pre).
[[0;32m  OK  [0m] Reached target Local File Systems.
         Starting Set console font and keymap...
         Starting LSB: AppArmor initialization...
         Starting Commit a transient machine-id on disk...
         Starting Tell Plymouth To Write Out Runtime Data...
         Starting Create Volatile Files and Directories...
         Starting Initial cloud-init job (pre-networking)...
[[0;32m  OK  [0m] Started Commit a transient machine-id on disk.
[[0;32m  OK  [0m] Started Tell Plymouth To Write Out Runtime Data.
[[0;32m  OK  [0m] Started Create Volatile Files and Directories.
         Starting Update UTMP about System Boot/Shutdown...
[[0;32m  OK  [0m] Started Update UTMP about System Boot/Shutdown.
[[0;32m  OK  [0m] Started Set console font and keymap.
[[0;32m  OK  [0m] Created slice system-getty.slice.
[[0;32m  OK  [0m] Started LSB: AppArmor initialization.
         Starting Load AppArmor profiles managed internally by snapd...
[[0;32m  OK  [0m] Started Load AppArmor profiles managed internally by snapd.
[   16.011430] cloud-init[665]: Cloud-init v. 21.1-19-gbad84ad4-0ubuntu1~16.04.2 running 'init-local' at Thu, 23 Mar 2023 13:55:55 +0000. Up 15.73 seconds.
[[0;32m  OK  [0m] Started Initial cloud-init job (pre-networking).
[[0;32m  OK  [0m] Reached target Network (Pre).
         Starting Raise network interfaces...
[[0;32m  OK  [0m] Started Raise network interfaces.
         Starting Initial cloud-init job (metadata service crawler)...
[[0;32m  OK  [0m] Reached target Network.
[   17.321975] cloud-init[964]: Cloud-init v. 21.1-19-gbad84ad4-0ubuntu1~16.04.2 running 'init' at Thu, 23 Mar 2023 13:55:56 +0000. Up 16.73 seconds.
[   17.330834] cloud-init[964]: ci-info: ++++++++++++++++++++++++++++++++++++++Net device info+++++++++++++++++++++++++++++++++++++++
[   17.339379] cloud-init[964]: ci-info: +--------+-------+----------------------------+---------------+--------+-------------------+[[0;32m  OK  [0m] Started Initial cloud-init job (metadata service crawler).
[[0;32m  OK  [0m] Reached target System Initialization.

[   17.353627] cloud-init         Starting LXD - unix socket.
[[0;32m  OK  [0m] Started ACPI Events Check.
[[0;32m  OK  [0m] Reached target Paths.
         Starting Socket activation for snappy daemon.
[[0;32m  OK  [0m] Started Ubuntu Advantage update messaging.
[[0;32m  OK  [0m] Listening on ACPID Listen Socket.
[[0;32m  OK  [0m] Started Daily Cleanup of Temporary Directories.
[[0;32m  OK  [0m] Listening on UUID daemon activation socket.
[[0;32m  OK  [0m] Listening on D-Bus System Message Bus Socket.
[[0;32m  OK  [0m] Started Message of the Day.
[[0;32m  OK  [0m] Started Daily apt download activities.
[[0;32m  OK  [0m] Started Daily apt upgrade and clean activities.
[[0;32m  OK  [0m] Reached target Timers.
[[0;32m  OK  [0m] Reached target Network is Online.
[964]: ci-info: | Device |   Up  |          Address           |      Mask     | Scope  |     Hw-Address    |
[   17.391627] cloud-init[964]: ci-info: +--------+-------+----------------------------+---------------+--------+-------------------+
[   17.401526] cloud-init[964]: ci-info: | enp0s3 |  True |         10.0.2.15          | 255.255.255.0 | global | 02:be:82:6b:cc:1d |         Starting iSCSI initiator daemon (iscsid)...
[[0;32m  OK  [0m] Reached target Cloud-config availability.
[[0;32m  OK  [0m] Listening on LXD - unix socket.
[[0;32m  OK  [0m] Listening on Socket activation for snappy daemon.
[[0;32m  OK  [0m] Reached target Sockets.
[[0;32m  OK  [0m] Reached target Basic System.
[[0;32m  OK  [0m] Started FUSE filesystem for LXC.
         Starting LSB: MD monitoring daemon...

[[0;32m  OK  [0m] Started Regular background program processing daemon.
         Starting Pollinate to seed the pseudo random number generator...
         Starting LSB: Record successful boot for GRUB...
         Starting System Logging Service...
[[0;32m  OK  [0m] Started D-Bus System Message Bus.
[   17.436644] cloud-init[964]: ci-info: | enp0s3 |  True | fe80::be:82ff:fe6b:cc1d/64 |       .       |  link  | 02:be:82:6b:cc:1d |
[   17.461978] cloud-init[964]: ci-info: | enp0s8 | False |             .              |       .       |   .    | 08:00:27:30:4c:7a |
[   17.468019] cloud-init[964]: ci-info: |   lo   |  True |         127.0.0.1          |   255.0.0.0   |  host  |         .         |
[   17.473197] cloud-init[964]: ci-info: |   lo   |  True |          ::1/128           |       .       |  host  |         .         |
[   17.477173] cloud-init[964]: ci-info: +--------+-------+----------------------------+---------------+--------+-------------------+
[   17.486951] cloud-init[964]: ci-info: +++++++++++++++++++++++++++Route IPv4 info++++++++++++++++++++++++++++         Starting Snap Daemon...
[[0;32m  OK  [0m] Started Deferred execution scheduler.
         Starting Accounts Service...
         Starting Login Service...
         Starting /etc/rc.local Compatibility...
         Starting Virtualbox guest utils...
[[0;32m  OK  [0m] Started ACPI event daemon.
         Starting LXD - container startup/shutdown...
[[0;32m  OK  [0m] Started System Logging Service.

[[0;32m  OK  [0m] Started /etc/rc.local Compatibility.
[   17.522151] cloud-init[964]: ci-info: +-------+-------------+----------+---------------+-----------+-------+
[[0;32m  OK  [0m] Started iSCSI initiator daemon (iscsid).
[   17.545616] cloud-init[964]: ci-info: | Route | Destination | Gateway  |    Genmask    | Interface | Flags |
[   17.561842] cloud-init[964]: ci-info: +-------+-------------+----------+---------------+-----------+-------+
[   17.567347]          Starting Login to default iSCSI targets...
[[0;32m  OK  [0m] Started LSB: Record successful boot for GRUB.
cloud-init[964]: ci-info: |   0   |   0.0.0.0   | 10.0.2.2 |    0.0.0.0    |   enp0s3  |   UG  |[[0;32m  OK  [0m] Started Login Service.
[[0;32m  OK  [0m] Started Unattended Upgrades Shutdown.

[   17.590306] cloud-init[964]: ci-info: |   1   |   10.0.2.0  | 0.0.0.0  | 255.255.255.0 |   enp0s3  |   U   |
[[0;32m  OK  [0m] Started LSB: MD monitoring daemon.
[   17.599716] cloud-init[964]: ci-info: +-------+-------------+----------+---------------+-----------+-------+
[   17.625035] cloud-init[964]: ci-info: +++++++++++++++++++Route IPv6 info+++++++++++++++++++
[[0;32m  OK  [0m] Started Login to default iSCSI targets.
[   17.627917] [[0;32m  OK  [0m] Reached target Remote File Systems (Pre).
[[0;32m  OK  [0m] Reached target Remote File Systems.
         Starting LSB: automatic crash report generation...
         Starting Permit User Sessions...
cloud-init         Starting LSB: daemon to balance interrupts for SMP systems...
         Starting LSB: Set the CPU Frequency Scaling governor to "ondemand"...
[[0;32m  OK  [0m] Started Permit User Sessions.
         Starting Terminate Plymouth Boot Screen...
         Starting Hold until boot process finishes up...
[[0;32m  OK  [0m] Started Hold until boot process finishes up.
         Starting Set console scheme...
[[0;32m  OK  [0m] Started Getty on tty1.
[[0;32m  OK  [0m] Started Serial Getty on ttyS0.
[[0;32m  OK  [0m] Reached target Login Prompts.
[964]: [[0;32m  OK  [0m] Started Set console scheme.
ci-info: +-------+-------------+---------+-----------+-------+[[0;32m  OK  [0m] Started Terminate Plymouth Boot Screen.

[[0;32m  OK  [0m] Started LSB: Set the CPU Frequency Scaling governor to "ondemand".
[[0;32m  OK  [0m] Started LSB: daemon to balance interrupts for SMP systems.
[   17.706741] cloud-init[964]: ci-info: | Route | Destination | Gateway | Interface | Flags |
[   17.718602] cloud-init[964]: ci-info: +-------+-------------+---------+-----------+-------+         Starting Authenticate and Authorize Users to Run Privileged Tasks...

[[0;32m  OK  [0m] Started LSB: automatic crash report generation.
[   17.736873] cloud-init[964]: ci-info: |   0   |  fe80::/64  |    ::   |   enp0s3  |   U   |
[   17.749147] cloud-init[964]: ci-info: |   3   |   ff00::/8  |    ::   |   enp0s3  |   U   |
[[0;32m  OK  [0m] Started Authenticate and Authorize Users to Run Privileged Tasks.
[   17.773034] cloud-init[964]: ci-info: +-------+-------------+---------+-----------+-------+
[   17.786828] cloud-init[964]: Generating public/private rsa key pair.
[   17.802193] cloud-init[964]: [[0;32m  OK  [0m] Started Accounts Service.
Your identification has been saved in /etc/ssh/ssh_host_rsa_key.
[   17.829020] [[0;32m  OK  [0m] Started LXD - container startup/shutdown.
cloud-init[964]: Your public key has been saved in /etc/ssh/ssh_host_rsa_key.pub.
[[0;32m  OK  [0m] Started Virtualbox guest utils.
[   17.843409] cloud-init[964]: The key fingerprint is:
[   17.855247] cloud-init[964]: SHA256:psDZ0P18ciu/v1h8X+x5DYV9R+Qhz9OUI7X4EzQAEXE root@ubuntu-xenial
[   17.864369] cloud-init[964]: The key's randomart image is:
[   17.867992] cloud-init[964]: +---[RSA 2048]----+
[   17.873918] cloud-init[964]: |           ==Eo*+|
[   17.887945] cloud-init[964]: |     . .    ..*=*|
[   17.899332] cloud-init[964]: |    . . .    ..X+|
[   17.913517] cloud-init[964]: |   . +   o    o B|
[   17.914882] cloud-init[964]: |    + . S + o  +o|
[   17.916365] cloud-init[964]: |     . o   + o...|
[   17.917772] cloud-init[964]: |      .   . . o.=|
[   17.919487] cloud-init[964]: |           o o o*|
[   17.920945] cloud-init[964]: |            +ooo+|
[   17.922626] cloud-init[964]: +----[SHA256]-----+
[   17.924039] cloud-init[964]: Generating public/private dsa key pair.
[   17.929072] cloud-init[964]: Your identification has been saved in /etc/ssh/ssh_host_dsa_key.
[   17.942098] cloud-init[964]: Your public key has been saved in /etc/ssh/ssh_host_dsa_key.pub.
[   17.946742] cloud-init[964]: The key fingerprint is:
[   17.949694] cloud-init[964]: SHA256:HP8iUH0xD2Olw0AORkOnjcJSy0xpAr0pPJpo7eOi35Y root@ubuntu-xenial
[   17.957840] cloud-init[964]: The key's randomart image is:
[   17.965711] cloud-init[964]: +---[DSA 1024]----+
[   17.968800] cloud-init[964]: |  .o  o+*.+ *..  |
[   17.970499] cloud-init[964]: |    o*oo X + B   |
[   17.972449] cloud-init[964]: | .  .=* = + = .  |
[   17.974234] cloud-init[964]: |  + o. + o . .   |
[   17.975857] cloud-init[964]: |.o.o  . S .      |
[   17.977518] cloud-init[964]: |+. .   .   .     |
[   17.983780] cloud-init[964]: |. .  .  . . .    |
[   17.987265] cloud-init[964]: | . +E    . .     |
[   17.994289] cloud-init[964]: |o.+oo            |
[   17.998258] cloud-init[964]: +----[SHA256]-----+
[   18.003794] cloud-init[964]: Generating public/private ecdsa key pair.
[   18.012796] cloud-init[964]: Your identification has been saved in /etc/ssh/ssh_host_ecdsa_key.
[   18.019371] cloud-init[964]: Your public key has been saved in /etc/ssh/ssh_host_ecdsa_key.pub.
[   18.021794] cloud-init[964]: The key fingerprint is:
[   18.023305] cloud-init[964]: SHA256:vkiEPCjGLXSKcrxPx7X8tz/XoSM9rVWvxEoYYaJv1yE root@ubuntu-xenial
[   18.025245] cloud-init[964]: The key's randomart image is:
[   18.031242] cloud-init[964]: +---[ECDSA 256]---+
[   18.039272] cloud-init[964]: |                 |
[   18.049112] cloud-init[964]: |                 |
[[0;32m  OK  [0m] Started Pollinate to seed the pseudo random number generator.
[   18.066197] cloud-init[964]: | . .    . o      |         Starting OpenBSD Secure Shell server...

[   18.079206] cloud-init[964]: |+.+o . . o .     |
[   18.090146] cloud-init[964]: |+=+.+ o S E .   .|
[   18.092477] [[0;32m  OK  [0m] Started OpenBSD Secure Shell server.
cloud-init[964]: |oo.. + = . = o .o|
[   18.095388] cloud-init[964]: |  . . + * o + =.+|
[   18.103544] cloud-init[964]: |   o o o + o.Booo|
[   18.106438] cloud-init[964]: |    . . . ..++*o |
[   18.111656] cloud-init[964]: +----[SHA256]-----+
[   18.115919] cloud-init[964]: Generating public/private ed25519 key pair.
[   18.118580] cloud-init[964]: Your identification has been saved in /etc/ssh/ssh_host_ed25519_key.
[   18.129840] [[0;32m  OK  [0m] Started Snap Daemon.
cloud-init[964]: Your public key has been saved in /etc/ssh/ssh_host_ed25519_key.pub.
[   18.145052]          Starting Wait until snapd is fully seeded...
cloud-init[964]: The key fingerprint is:
[   18.155777] cloud-init[964]: SHA256:p8YwNRUZ/bmtQVRsspkXtMeV9jrKfxTLzCAjSGc8vEc root@ubuntu-xenial
[   18.161320] cloud-init[964]: The key's randomart image is:
[   18.167470] cloud-init[964]: +--[ED25519 256]--+
[   18.175435] cloud-init[964]: |        o +=  .++|
[   18.189967] cloud-init[964]: |       . B.E. o==|
[   18.197979] cloud-init[964]: |      . * +  o.O=|
[   18.204877] cloud-init[964]: |       o + + .B.+|
[   18.223301] cloud-init[964]: |      o S + o.==o|
[   18.229764] cloud-init[964]: |       + o    ==o|
[   18.235324] cloud-init[964]: |        +  . . = |
[   18.240467] cloud-init[964]: |       .    o . .|
[   18.245061] cloud-init[964]: |             ... |
[   18.250827] cloud-init[964]: +----[SHA256]-----+
[[0;32m  OK  [0m] Started Wait until snapd is fully seeded.
         Starting Apply the settings specified in cloud-config...
[[0;32m  OK  [0m] Reached target Multi-User System.
[[0;32m  OK  [0m] Reached target Graphical Interface.
         Starting Update UTMP about System Runlevel Changes...
[[0;32m  OK  [0m] Started Update UTMP about System Runlevel Changes.
[   19.733855] cloud-init[1311]: Generating locales (this might take a while)...
[   20.806545] cloud-init[1311]:   en_US.UTF-8... done
[   20.808278] cloud-init[1311]: Generation complete.
[   21.037110] cloud-init[1311]: Cloud-init v. 21.1-19-gbad84ad4-0ubuntu1~16.04.2 running 'modules:config' at Thu, 23 Mar 2023 13:55:58 +0000. Up 19.61 seconds.
[[0;32m  OK  [0m] Started Apply the settings specified in cloud-config.
         Starting Execute cloud user/final scripts...
ci-info: no authorized SSH keys fingerprints found for user ubuntu.
<14>Mar 23 13:56:00 ec2: 
<14>Mar 23 13:56:00 ec2: #############################################################
<14>Mar 23 13:56:00 ec2: -----BEGIN SSH HOST KEY FINGERPRINTS-----
<14>Mar 23 13:56:00 ec2: 1024 SHA256:HP8iUH0xD2Olw0AORkOnjcJSy0xpAr0pPJpo7eOi35Y root@ubuntu-xenial (DSA)
<14>Mar 23 13:56:00 ec2: 256 SHA256:vkiEPCjGLXSKcrxPx7X8tz/XoSM9rVWvxEoYYaJv1yE root@ubuntu-xenial (ECDSA)
<14>Mar 23 13:56:00 ec2: 256 SHA256:p8YwNRUZ/bmtQVRsspkXtMeV9jrKfxTLzCAjSGc8vEc root@ubuntu-xenial (ED25519)
<14>Mar 23 13:56:00 ec2: 2048 SHA256:psDZ0P18ciu/v1h8X+x5DYV9R+Qhz9OUI7X4EzQAEXE root@ubuntu-xenial (RSA)
<14>Mar 23 13:56:00 ec2: -----END SSH HOST KEY FINGERPRINTS-----
<14>Mar 23 13:56:00 ec2: #############################################################
-----BEGIN SSH HOST KEY KEYS-----
ecdsa-sha2-nistp256 AAAAE2VjZHNhLXNoYTItbmlzdHAyNTYAAAAIbmlzdHAyNTYAAABBBAmntPRReXuNogmh83R/sks5zu564FSGfwZyBSb0abRRvG42nJ+4iuFADJvEz6srO/sh47mGwQXslZTQji28ClY= root@ubuntu-xenial
ssh-ed25519 AAAAC3NzaC1lZDI1NTE5AAAAIB2th3PSwOZZ+rOyX2Sp+SnWSZ0gs8f4SFmLmolJMRua root@ubuntu-xenial
ssh-rsa AAAAB3NzaC1yc2EAAAADAQABAAABAQCgH8+EIF+nrz2ohEXCsSrjqNg36/xpDgTO7TwSsI8rkSvw63JZcmwNzdmMBLz6rG3eaILxDxuLR/xFnXhrLpns1/XbaeVw7h6FBCCsb9JDUCegW4BiuvLFvBafdYPamMbN+LwWOdjPidoMSInS+LUXP+nBGOenuslBD77riRwZn9lVV7/V8T7TPCNGTxnpV0c9n72qexjDBCET76lfT8ky8DLDDGXzS2jOUDRgc9oadIFx9jTzVSySloZ2Y93RLrJONq1Xynz5W9ry8RfQ54y+SeIFMKcpC5cd8GmBCJI/CGjQVonLM1O2tO3Fusm9x6wUJMEvgtfbCWDbwPKsm8HV root@ubuntu-xenial
-----END SSH HOST KEY KEYS-----
[   21.490772] cloud-init[1354]: Cloud-init v. 21.1-19-gbad84ad4-0ubuntu1~16.04.2 running 'modules:final' at Thu, 23 Mar 2023 13:56:00 +0000. Up 21.33 seconds.
[   21.503978] cloud-init[1354]: ci-info: no authorized SSH keys fingerprints found for user ubuntu.
[   21.511606] cloud-init[1354]: Cloud-init v. 21.1-19-gbad84ad4-0ubuntu1~16.04.2 finished at Thu, 23 Mar 2023 13:56:00 +0000. Datasource DataSourceNoCloud [seed=/dev/sdb][dsmode=net].  Up 21.48 seconds[[0;32m  OK  [0m] Started Execute cloud user/final scripts.
[[0;32m  OK  [0m] Reached target Cloud-init target.


Ubuntu 16.04.7 LTS ubuntu-xenial ttyS0

ubuntu-xenial login: 